\BOOKMARK [0][-]{section*.1}{ ABSTRACT}{}
\BOOKMARK [0][-]{chapter.1}{Introduction}{}
\BOOKMARK [1][-]{section.1.1}{Literature Review}{chapter.1}
\BOOKMARK [1][-]{section.1.2}{Literature Review}{chapter.1}
\BOOKMARK [1][-]{section.1.3}{Preliminary Work}{chapter.1}
\BOOKMARK [2][-]{subsection.1.3.1}{Example: A Simple Cycle}{section.1.3}
\BOOKMARK [2][-]{subsection.1.3.2}{Example: A Doubly-Linked List}{section.1.3}
\BOOKMARK [2][-]{subsection.1.3.3}{Example: Rebalancing A Doubly-Linked List}{section.1.3}
\BOOKMARK [2][-]{subsection.1.3.4}{Example: Recovering Without Detecting a Cycle}{section.1.3}
\BOOKMARK [2][-]{subsection.1.3.5}{Concurrency Issues}{section.1.3}
\BOOKMARK [2][-]{subsection.1.3.6}{The Single-Threaded Collector}{section.1.3}
\BOOKMARK [2][-]{subsection.1.3.7}{The Multi-Threaded Collector}{section.1.3}
\BOOKMARK [2][-]{subsection.1.3.8}{Correctness and Algorithm Complexity}{section.1.3}
\BOOKMARK [2][-]{subsection.1.3.9}{Experimental Results}{section.1.3}
\BOOKMARK [1][-]{section.1.4}{Proposed Work}{chapter.1}
\BOOKMARK [1][-]{section.1.5}{Methodology and Evaluation}{chapter.1}
\BOOKMARK [1][-]{section.1.6}{Conclusion}{chapter.1}
\BOOKMARK [1][-]{section.1.7}{Future Work}{chapter.1}
\BOOKMARK [0][-]{section.1.7}{ REFERENCES}{}
\BOOKMARK [0][-]{appendix.A}{Multi-Threaded Collector Algorithm}{}
